The target system is: Linux - 1 - arm
The host system is: Linux - 4.4.0-21-generic - x86_64
Compiling the C compiler identification source file "CMakeCCompilerId.c" succeeded.
Compiler: /home/mq/project/AM335x/gcc-linaro-arm-linux-gnueabihf-4.7-2013.03-20130313_linux/bin/arm-linux-gnueabihf-gcc 
Build flags: 
Id flags: 

The output was:
0


Compilation of the C compiler identification source "CMakeCCompilerId.c" produced "a.out"

The C compiler identification is GNU, found in "/home/mq/learn/baidu_iot/iot-edge-sdk-for-iot-parser-master/modbus/cross-compile/deps_linux_arm/cmake/CMakeFiles/3.5.1/CompilerIdC/a.out"

Determining if the C compiler works passed with the following output:
Change Dir: /home/mq/learn/baidu_iot/iot-edge-sdk-for-iot-parser-master/modbus/cross-compile/deps_linux_arm/cmake/CMakeFiles/CMakeTmp

Run Build Command:"/usr/bin/make" "cmTC_3a353/fast"
/usr/bin/make -f CMakeFiles/cmTC_3a353.dir/build.make CMakeFiles/cmTC_3a353.dir/build
make[1]: Entering directory '/home/mq/learn/baidu_iot/iot-edge-sdk-for-iot-parser-master/modbus/cross-compile/deps_linux_arm/cmake/CMakeFiles/CMakeTmp'
Building C object CMakeFiles/cmTC_3a353.dir/testCCompiler.c.o
/home/mq/project/AM335x/gcc-linaro-arm-linux-gnueabihf-4.7-2013.03-20130313_linux/bin/arm-linux-gnueabihf-gcc     -o CMakeFiles/cmTC_3a353.dir/testCCompiler.c.o   -c /home/mq/learn/baidu_iot/iot-edge-sdk-for-iot-parser-master/modbus/cross-compile/deps_linux_arm/cmake/CMakeFiles/CMakeTmp/testCCompiler.c
Linking C executable cmTC_3a353
/usr/bin/cmake -E cmake_link_script CMakeFiles/cmTC_3a353.dir/link.txt --verbose=1
/home/mq/project/AM335x/gcc-linaro-arm-linux-gnueabihf-4.7-2013.03-20130313_linux/bin/arm-linux-gnueabihf-gcc       CMakeFiles/cmTC_3a353.dir/testCCompiler.c.o  -o cmTC_3a353 -rdynamic 
make[1]: Leaving directory '/home/mq/learn/baidu_iot/iot-edge-sdk-for-iot-parser-master/modbus/cross-compile/deps_linux_arm/cmake/CMakeFiles/CMakeTmp'


Detecting C compiler ABI info compiled with the following output:
Change Dir: /home/mq/learn/baidu_iot/iot-edge-sdk-for-iot-parser-master/modbus/cross-compile/deps_linux_arm/cmake/CMakeFiles/CMakeTmp

Run Build Command:"/usr/bin/make" "cmTC_91d24/fast"
/usr/bin/make -f CMakeFiles/cmTC_91d24.dir/build.make CMakeFiles/cmTC_91d24.dir/build
make[1]: Entering directory '/home/mq/learn/baidu_iot/iot-edge-sdk-for-iot-parser-master/modbus/cross-compile/deps_linux_arm/cmake/CMakeFiles/CMakeTmp'
Building C object CMakeFiles/cmTC_91d24.dir/CMakeCCompilerABI.c.o
/home/mq/project/AM335x/gcc-linaro-arm-linux-gnueabihf-4.7-2013.03-20130313_linux/bin/arm-linux-gnueabihf-gcc     -o CMakeFiles/cmTC_91d24.dir/CMakeCCompilerABI.c.o   -c /usr/share/cmake-3.5/Modules/CMakeCCompilerABI.c
Linking C executable cmTC_91d24
/usr/bin/cmake -E cmake_link_script CMakeFiles/cmTC_91d24.dir/link.txt --verbose=1
/home/mq/project/AM335x/gcc-linaro-arm-linux-gnueabihf-4.7-2013.03-20130313_linux/bin/arm-linux-gnueabihf-gcc      -v CMakeFiles/cmTC_91d24.dir/CMakeCCompilerABI.c.o  -o cmTC_91d24 -rdynamic  
使用内建 specs。
COLLECT_GCC=/home/mq/project/AM335x/gcc-linaro-arm-linux-gnueabihf-4.7-2013.03-20130313_linux/bin/arm-linux-gnueabihf-gcc
COLLECT_LTO_WRAPPER=/home/mq/project/AM335x/gcc-linaro-arm-linux-gnueabihf-4.7-2013.03-20130313_linux/bin/../libexec/gcc/arm-linux-gnueabihf/4.7.3/lto-wrapper
目标：arm-linux-gnueabihf
配置为：/cbuild/slaves/oorts/crosstool-ng/builds/arm-linux-gnueabihf-linux/.build/src/gcc-linaro-4.7-2013.03/configure --build=i686-build_pc-linux-gnu --host=i686-build_pc-linux-gnu --target=arm-linux-gnueabihf --prefix=/cbuild/slaves/oorts/crosstool-ng/builds/arm-linux-gnueabihf-linux/install --with-sysroot=/cbuild/slaves/oorts/crosstool-ng/builds/arm-linux-gnueabihf-linux/install/arm-linux-gnueabihf/libc --enable-languages=c,c++,fortran --enable-multilib --with-arch=armv7-a --with-tune=cortex-a9 --with-fpu=vfpv3-d16 --with-float=hard --with-pkgversion='crosstool-NG linaro-1.13.1-4.7-2013.03-20130313 - Linaro GCC 2013.03' --with-bugurl=https://bugs.launchpad.net/gcc-linaro --enable-__cxa_atexit --enable-libmudflap --enable-libgomp --enable-libssp --with-gmp=/cbuild/slaves/oorts/crosstool-ng/builds/arm-linux-gnueabihf-linux/.build/arm-linux-gnueabihf/build/static --with-mpfr=/cbuild/slaves/oorts/crosstool-ng/builds/arm-linux-gnueabihf-linux/.build/arm-linux-gnueabihf/build/static --with-mpc=/cbuild/slaves/oorts/crosstool-ng/builds/arm-linux-gnueabihf-linux/.build/arm-linux-gnueabihf/build/static --with-ppl=/cbuild/slaves/oorts/crosstool-ng/builds/arm-linux-gnueabihf-linux/.build/arm-linux-gnueabihf/build/static --with-cloog=/cbuild/slaves/oorts/crosstool-ng/builds/arm-linux-gnueabihf-linux/.build/arm-linux-gnueabihf/build/static --with-libelf=/cbuild/slaves/oorts/crosstool-ng/builds/arm-linux-gnueabihf-linux/.build/arm-linux-gnueabihf/build/static --with-host-libstdcxx='-L/cbuild/slaves/oorts/crosstool-ng/builds/arm-linux-gnueabihf-linux/.build/arm-linux-gnueabihf/build/static/lib -lpwl' --enable-threads=posix --disable-libstdcxx-pch --enable-linker-build-id --enable-gold --with-local-prefix=/cbuild/slaves/oorts/crosstool-ng/builds/arm-linux-gnueabihf-linux/install/arm-linux-gnueabihf/libc --enable-c99 --enable-long-long --with-mode=thumb
线程模型：posix
gcc 版本 4.7.3 20130226 (prerelease) (crosstool-NG linaro-1.13.1-4.7-2013.03-20130313 - Linaro GCC 2013.03) 
COMPILER_PATH=/home/mq/project/AM335x/gcc-linaro-arm-linux-gnueabihf-4.7-2013.03-20130313_linux/bin/../libexec/gcc/arm-linux-gnueabihf/4.7.3/:/home/mq/project/AM335x/gcc-linaro-arm-linux-gnueabihf-4.7-2013.03-20130313_linux/bin/../libexec/gcc/:/home/mq/project/AM335x/gcc-linaro-arm-linux-gnueabihf-4.7-2013.03-20130313_linux/bin/../libexec/gcc/arm-linux-gnueabihf/:/home/mq/project/AM335x/gcc-linaro-arm-linux-gnueabihf-4.7-2013.03-20130313_linux/bin/../lib/gcc/arm-linux-gnueabihf/4.7.3/../../../../arm-linux-gnueabihf/bin/
LIBRARY_PATH=/home/mq/project/AM335x/gcc-linaro-arm-linux-gnueabihf-4.7-2013.03-20130313_linux/bin/../lib/gcc/arm-linux-gnueabihf/4.7.3/:/home/mq/project/AM335x/gcc-linaro-arm-linux-gnueabihf-4.7-2013.03-20130313_linux/bin/../lib/gcc/:/home/mq/project/AM335x/gcc-linaro-arm-linux-gnueabihf-4.7-2013.03-20130313_linux/bin/../lib/gcc/arm-linux-gnueabihf/:/home/mq/project/AM335x/gcc-linaro-arm-linux-gnueabihf-4.7-2013.03-20130313_linux/bin/../lib/gcc/arm-linux-gnueabihf/4.7.3/../../../../arm-linux-gnueabihf/lib/:/home/mq/project/AM335x/gcc-linaro-arm-linux-gnueabihf-4.7-2013.03-20130313_linux/bin/../arm-linux-gnueabihf/libc/lib/:/home/mq/project/AM335x/gcc-linaro-arm-linux-gnueabihf-4.7-2013.03-20130313_linux/bin/../arm-linux-gnueabihf/libc/lib/arm-linux-gnueabihf/:/home/mq/project/AM335x/gcc-linaro-arm-linux-gnueabihf-4.7-2013.03-20130313_linux/bin/../arm-linux-gnueabihf/libc/usr/lib/:/home/mq/project/AM335x/gcc-linaro-arm-linux-gnueabihf-4.7-2013.03-20130313_linux/bin/../arm-linux-gnueabihf/libc/usr/lib/arm-linux-gnueabihf/
COLLECT_GCC_OPTIONS='-v' '-o' 'cmTC_91d24' '-rdynamic' '-march=armv7-a' '-mtune=cortex-a9' '-mfloat-abi=hard' '-mfpu=vfpv3-d16' '-mthumb' '-mtls-dialect=gnu'
 /home/mq/project/AM335x/gcc-linaro-arm-linux-gnueabihf-4.7-2013.03-20130313_linux/bin/../libexec/gcc/arm-linux-gnueabihf/4.7.3/collect2 --sysroot=/home/mq/project/AM335x/gcc-linaro-arm-linux-gnueabihf-4.7-2013.03-20130313_linux/bin/../arm-linux-gnueabihf/libc --build-id --eh-frame-hdr -export-dynamic -dynamic-linker /lib/ld-linux-armhf.so.3 -X -m armelf_linux_eabi -o cmTC_91d24 /home/mq/project/AM335x/gcc-linaro-arm-linux-gnueabihf-4.7-2013.03-20130313_linux/bin/../arm-linux-gnueabihf/libc/usr/lib/arm-linux-gnueabihf/crt1.o /home/mq/project/AM335x/gcc-linaro-arm-linux-gnueabihf-4.7-2013.03-20130313_linux/bin/../arm-linux-gnueabihf/libc/usr/lib/arm-linux-gnueabihf/crti.o /home/mq/project/AM335x/gcc-linaro-arm-linux-gnueabihf-4.7-2013.03-20130313_linux/bin/../lib/gcc/arm-linux-gnueabihf/4.7.3/crtbegin.o -L/home/mq/project/AM335x/gcc-linaro-arm-linux-gnueabihf-4.7-2013.03-20130313_linux/bin/../lib/gcc/arm-linux-gnueabihf/4.7.3 -L/home/mq/project/AM335x/gcc-linaro-arm-linux-gnueabihf-4.7-2013.03-20130313_linux/bin/../lib/gcc -L/home/mq/project/AM335x/gcc-linaro-arm-linux-gnueabihf-4.7-2013.03-20130313_linux/bin/../lib/gcc/arm-linux-gnueabihf -L/home/mq/project/AM335x/gcc-linaro-arm-linux-gnueabihf-4.7-2013.03-20130313_linux/bin/../lib/gcc/arm-linux-gnueabihf/4.7.3/../../../../arm-linux-gnueabihf/lib -L/home/mq/project/AM335x/gcc-linaro-arm-linux-gnueabihf-4.7-2013.03-20130313_linux/bin/../arm-linux-gnueabihf/libc/lib -L/home/mq/project/AM335x/gcc-linaro-arm-linux-gnueabihf-4.7-2013.03-20130313_linux/bin/../arm-linux-gnueabihf/libc/lib/arm-linux-gnueabihf -L/home/mq/project/AM335x/gcc-linaro-arm-linux-gnueabihf-4.7-2013.03-20130313_linux/bin/../arm-linux-gnueabihf/libc/usr/lib -L/home/mq/project/AM335x/gcc-linaro-arm-linux-gnueabihf-4.7-2013.03-20130313_linux/bin/../arm-linux-gnueabihf/libc/usr/lib/arm-linux-gnueabihf CMakeFiles/cmTC_91d24.dir/CMakeCCompilerABI.c.o -lgcc --as-needed -lgcc_s --no-as-needed -lc -lgcc --as-needed -lgcc_s --no-as-needed /home/mq/project/AM335x/gcc-linaro-arm-linux-gnueabihf-4.7-2013.03-20130313_linux/bin/../lib/gcc/arm-linux-gnueabihf/4.7.3/crtend.o /home/mq/project/AM335x/gcc-linaro-arm-linux-gnueabihf-4.7-2013.03-20130313_linux/bin/../arm-linux-gnueabihf/libc/usr/lib/arm-linux-gnueabihf/crtn.o
make[1]: Leaving directory '/home/mq/learn/baidu_iot/iot-edge-sdk-for-iot-parser-master/modbus/cross-compile/deps_linux_arm/cmake/CMakeFiles/CMakeTmp'


Parsed C implicit link information from above output:
  link line regex: [^( *|.*[/\])(arm-linux-gnueabihf-ld|([^/\]+-)?ld|collect2)[^/\]*( |$)]
  ignore line: [Change Dir: /home/mq/learn/baidu_iot/iot-edge-sdk-for-iot-parser-master/modbus/cross-compile/deps_linux_arm/cmake/CMakeFiles/CMakeTmp]
  ignore line: []
  ignore line: [Run Build Command:"/usr/bin/make" "cmTC_91d24/fast"]
  ignore line: [/usr/bin/make -f CMakeFiles/cmTC_91d24.dir/build.make CMakeFiles/cmTC_91d24.dir/build]
  ignore line: [make[1]: Entering directory '/home/mq/learn/baidu_iot/iot-edge-sdk-for-iot-parser-master/modbus/cross-compile/deps_linux_arm/cmake/CMakeFiles/CMakeTmp']
  ignore line: [Building C object CMakeFiles/cmTC_91d24.dir/CMakeCCompilerABI.c.o]
  ignore line: [/home/mq/project/AM335x/gcc-linaro-arm-linux-gnueabihf-4.7-2013.03-20130313_linux/bin/arm-linux-gnueabihf-gcc     -o CMakeFiles/cmTC_91d24.dir/CMakeCCompilerABI.c.o   -c /usr/share/cmake-3.5/Modules/CMakeCCompilerABI.c]
  ignore line: [Linking C executable cmTC_91d24]
  ignore line: [/usr/bin/cmake -E cmake_link_script CMakeFiles/cmTC_91d24.dir/link.txt --verbose=1]
  ignore line: [/home/mq/project/AM335x/gcc-linaro-arm-linux-gnueabihf-4.7-2013.03-20130313_linux/bin/arm-linux-gnueabihf-gcc      -v CMakeFiles/cmTC_91d24.dir/CMakeCCompilerABI.c.o  -o cmTC_91d24 -rdynamic  ]
  ignore line: [使用内建 specs。]
  ignore line: [COLLECT_GCC=/home/mq/project/AM335x/gcc-linaro-arm-linux-gnueabihf-4.7-2013.03-20130313_linux/bin/arm-linux-gnueabihf-gcc]
  ignore line: [COLLECT_LTO_WRAPPER=/home/mq/project/AM335x/gcc-linaro-arm-linux-gnueabihf-4.7-2013.03-20130313_linux/bin/../libexec/gcc/arm-linux-gnueabihf/4.7.3/lto-wrapper]
  ignore line: [目标：arm-linux-gnueabihf]
  ignore line: [配置为：/cbuild/slaves/oorts/crosstool-ng/builds/arm-linux-gnueabihf-linux/.build/src/gcc-linaro-4.7-2013.03/configure --build=i686-build_pc-linux-gnu --host=i686-build_pc-linux-gnu --target=arm-linux-gnueabihf --prefix=/cbuild/slaves/oorts/crosstool-ng/builds/arm-linux-gnueabihf-linux/install --with-sysroot=/cbuild/slaves/oorts/crosstool-ng/builds/arm-linux-gnueabihf-linux/install/arm-linux-gnueabihf/libc --enable-languages=c,c++,fortran --enable-multilib --with-arch=armv7-a --with-tune=cortex-a9 --with-fpu=vfpv3-d16 --with-float=hard --with-pkgversion='crosstool-NG linaro-1.13.1-4.7-2013.03-20130313 - Linaro GCC 2013.03' --with-bugurl=https://bugs.launchpad.net/gcc-linaro --enable-__cxa_atexit --enable-libmudflap --enable-libgomp --enable-libssp --with-gmp=/cbuild/slaves/oorts/crosstool-ng/builds/arm-linux-gnueabihf-linux/.build/arm-linux-gnueabihf/build/static --with-mpfr=/cbuild/slaves/oorts/crosstool-ng/builds/arm-linux-gnueabihf-linux/.build/arm-linux-gnueabihf/build/static --with-mpc=/cbuild/slaves/oorts/crosstool-ng/builds/arm-linux-gnueabihf-linux/.build/arm-linux-gnueabihf/build/static --with-ppl=/cbuild/slaves/oorts/crosstool-ng/builds/arm-linux-gnueabihf-linux/.build/arm-linux-gnueabihf/build/static --with-cloog=/cbuild/slaves/oorts/crosstool-ng/builds/arm-linux-gnueabihf-linux/.build/arm-linux-gnueabihf/build/static --with-libelf=/cbuild/slaves/oorts/crosstool-ng/builds/arm-linux-gnueabihf-linux/.build/arm-linux-gnueabihf/build/static --with-host-libstdcxx='-L/cbuild/slaves/oorts/crosstool-ng/builds/arm-linux-gnueabihf-linux/.build/arm-linux-gnueabihf/build/static/lib -lpwl' --enable-threads=posix --disable-libstdcxx-pch --enable-linker-build-id --enable-gold --with-local-prefix=/cbuild/slaves/oorts/crosstool-ng/builds/arm-linux-gnueabihf-linux/install/arm-linux-gnueabihf/libc --enable-c99 --enable-long-long --with-mode=thumb]
  ignore line: [线程模型：posix]
  ignore line: [gcc 版本 4.7.3 20130226 (prerelease) (crosstool-NG linaro-1.13.1-4.7-2013.03-20130313 - Linaro GCC 2013.03) ]
  ignore line: [COMPILER_PATH=/home/mq/project/AM335x/gcc-linaro-arm-linux-gnueabihf-4.7-2013.03-20130313_linux/bin/../libexec/gcc/arm-linux-gnueabihf/4.7.3/:/home/mq/project/AM335x/gcc-linaro-arm-linux-gnueabihf-4.7-2013.03-20130313_linux/bin/../libexec/gcc/:/home/mq/project/AM335x/gcc-linaro-arm-linux-gnueabihf-4.7-2013.03-20130313_linux/bin/../libexec/gcc/arm-linux-gnueabihf/:/home/mq/project/AM335x/gcc-linaro-arm-linux-gnueabihf-4.7-2013.03-20130313_linux/bin/../lib/gcc/arm-linux-gnueabihf/4.7.3/../../../../arm-linux-gnueabihf/bin/]
  ignore line: [LIBRARY_PATH=/home/mq/project/AM335x/gcc-linaro-arm-linux-gnueabihf-4.7-2013.03-20130313_linux/bin/../lib/gcc/arm-linux-gnueabihf/4.7.3/:/home/mq/project/AM335x/gcc-linaro-arm-linux-gnueabihf-4.7-2013.03-20130313_linux/bin/../lib/gcc/:/home/mq/project/AM335x/gcc-linaro-arm-linux-gnueabihf-4.7-2013.03-20130313_linux/bin/../lib/gcc/arm-linux-gnueabihf/:/home/mq/project/AM335x/gcc-linaro-arm-linux-gnueabihf-4.7-2013.03-20130313_linux/bin/../lib/gcc/arm-linux-gnueabihf/4.7.3/../../../../arm-linux-gnueabihf/lib/:/home/mq/project/AM335x/gcc-linaro-arm-linux-gnueabihf-4.7-2013.03-20130313_linux/bin/../arm-linux-gnueabihf/libc/lib/:/home/mq/project/AM335x/gcc-linaro-arm-linux-gnueabihf-4.7-2013.03-20130313_linux/bin/../arm-linux-gnueabihf/libc/lib/arm-linux-gnueabihf/:/home/mq/project/AM335x/gcc-linaro-arm-linux-gnueabihf-4.7-2013.03-20130313_linux/bin/../arm-linux-gnueabihf/libc/usr/lib/:/home/mq/project/AM335x/gcc-linaro-arm-linux-gnueabihf-4.7-2013.03-20130313_linux/bin/../arm-linux-gnueabihf/libc/usr/lib/arm-linux-gnueabihf/]
  ignore line: [COLLECT_GCC_OPTIONS='-v' '-o' 'cmTC_91d24' '-rdynamic' '-march=armv7-a' '-mtune=cortex-a9' '-mfloat-abi=hard' '-mfpu=vfpv3-d16' '-mthumb' '-mtls-dialect=gnu']
  link line: [ /home/mq/project/AM335x/gcc-linaro-arm-linux-gnueabihf-4.7-2013.03-20130313_linux/bin/../libexec/gcc/arm-linux-gnueabihf/4.7.3/collect2 --sysroot=/home/mq/project/AM335x/gcc-linaro-arm-linux-gnueabihf-4.7-2013.03-20130313_linux/bin/../arm-linux-gnueabihf/libc --build-id --eh-frame-hdr -export-dynamic -dynamic-linker /lib/ld-linux-armhf.so.3 -X -m armelf_linux_eabi -o cmTC_91d24 /home/mq/project/AM335x/gcc-linaro-arm-linux-gnueabihf-4.7-2013.03-20130313_linux/bin/../arm-linux-gnueabihf/libc/usr/lib/arm-linux-gnueabihf/crt1.o /home/mq/project/AM335x/gcc-linaro-arm-linux-gnueabihf-4.7-2013.03-20130313_linux/bin/../arm-linux-gnueabihf/libc/usr/lib/arm-linux-gnueabihf/crti.o /home/mq/project/AM335x/gcc-linaro-arm-linux-gnueabihf-4.7-2013.03-20130313_linux/bin/../lib/gcc/arm-linux-gnueabihf/4.7.3/crtbegin.o -L/home/mq/project/AM335x/gcc-linaro-arm-linux-gnueabihf-4.7-2013.03-20130313_linux/bin/../lib/gcc/arm-linux-gnueabihf/4.7.3 -L/home/mq/project/AM335x/gcc-linaro-arm-linux-gnueabihf-4.7-2013.03-20130313_linux/bin/../lib/gcc -L/home/mq/project/AM335x/gcc-linaro-arm-linux-gnueabihf-4.7-2013.03-20130313_linux/bin/../lib/gcc/arm-linux-gnueabihf -L/home/mq/project/AM335x/gcc-linaro-arm-linux-gnueabihf-4.7-2013.03-20130313_linux/bin/../lib/gcc/arm-linux-gnueabihf/4.7.3/../../../../arm-linux-gnueabihf/lib -L/home/mq/project/AM335x/gcc-linaro-arm-linux-gnueabihf-4.7-2013.03-20130313_linux/bin/../arm-linux-gnueabihf/libc/lib -L/home/mq/project/AM335x/gcc-linaro-arm-linux-gnueabihf-4.7-2013.03-20130313_linux/bin/../arm-linux-gnueabihf/libc/lib/arm-linux-gnueabihf -L/home/mq/project/AM335x/gcc-linaro-arm-linux-gnueabihf-4.7-2013.03-20130313_linux/bin/../arm-linux-gnueabihf/libc/usr/lib -L/home/mq/project/AM335x/gcc-linaro-arm-linux-gnueabihf-4.7-2013.03-20130313_linux/bin/../arm-linux-gnueabihf/libc/usr/lib/arm-linux-gnueabihf CMakeFiles/cmTC_91d24.dir/CMakeCCompilerABI.c.o -lgcc --as-needed -lgcc_s --no-as-needed -lc -lgcc --as-needed -lgcc_s --no-as-needed /home/mq/project/AM335x/gcc-linaro-arm-linux-gnueabihf-4.7-2013.03-20130313_linux/bin/../lib/gcc/arm-linux-gnueabihf/4.7.3/crtend.o /home/mq/project/AM335x/gcc-linaro-arm-linux-gnueabihf-4.7-2013.03-20130313_linux/bin/../arm-linux-gnueabihf/libc/usr/lib/arm-linux-gnueabihf/crtn.o]
    arg [/home/mq/project/AM335x/gcc-linaro-arm-linux-gnueabihf-4.7-2013.03-20130313_linux/bin/../libexec/gcc/arm-linux-gnueabihf/4.7.3/collect2] ==> ignore
    arg [--sysroot=/home/mq/project/AM335x/gcc-linaro-arm-linux-gnueabihf-4.7-2013.03-20130313_linux/bin/../arm-linux-gnueabihf/libc] ==> ignore
    arg [--build-id] ==> ignore
    arg [--eh-frame-hdr] ==> ignore
    arg [-export-dynamic] ==> ignore
    arg [-dynamic-linker] ==> ignore
    arg [/lib/ld-linux-armhf.so.3] ==> ignore
    arg [-X] ==> ignore
    arg [-m] ==> ignore
    arg [armelf_linux_eabi] ==> ignore
    arg [-o] ==> ignore
    arg [cmTC_91d24] ==> ignore
    arg [/home/mq/project/AM335x/gcc-linaro-arm-linux-gnueabihf-4.7-2013.03-20130313_linux/bin/../arm-linux-gnueabihf/libc/usr/lib/arm-linux-gnueabihf/crt1.o] ==> ignore
    arg [/home/mq/project/AM335x/gcc-linaro-arm-linux-gnueabihf-4.7-2013.03-20130313_linux/bin/../arm-linux-gnueabihf/libc/usr/lib/arm-linux-gnueabihf/crti.o] ==> ignore
    arg [/home/mq/project/AM335x/gcc-linaro-arm-linux-gnueabihf-4.7-2013.03-20130313_linux/bin/../lib/gcc/arm-linux-gnueabihf/4.7.3/crtbegin.o] ==> ignore
    arg [-L/home/mq/project/AM335x/gcc-linaro-arm-linux-gnueabihf-4.7-2013.03-20130313_linux/bin/../lib/gcc/arm-linux-gnueabihf/4.7.3] ==> dir [/home/mq/project/AM335x/gcc-linaro-arm-linux-gnueabihf-4.7-2013.03-20130313_linux/bin/../lib/gcc/arm-linux-gnueabihf/4.7.3]
    arg [-L/home/mq/project/AM335x/gcc-linaro-arm-linux-gnueabihf-4.7-2013.03-20130313_linux/bin/../lib/gcc] ==> dir [/home/mq/project/AM335x/gcc-linaro-arm-linux-gnueabihf-4.7-2013.03-20130313_linux/bin/../lib/gcc]
    arg [-L/home/mq/project/AM335x/gcc-linaro-arm-linux-gnueabihf-4.7-2013.03-20130313_linux/bin/../lib/gcc/arm-linux-gnueabihf] ==> dir [/home/mq/project/AM335x/gcc-linaro-arm-linux-gnueabihf-4.7-2013.03-20130313_linux/bin/../lib/gcc/arm-linux-gnueabihf]
    arg [-L/home/mq/project/AM335x/gcc-linaro-arm-linux-gnueabihf-4.7-2013.03-20130313_linux/bin/../lib/gcc/arm-linux-gnueabihf/4.7.3/../../../../arm-linux-gnueabihf/lib] ==> dir [/home/mq/project/AM335x/gcc-linaro-arm-linux-gnueabihf-4.7-2013.03-20130313_linux/bin/../lib/gcc/arm-linux-gnueabihf/4.7.3/../../../../arm-linux-gnueabihf/lib]
    arg [-L/home/mq/project/AM335x/gcc-linaro-arm-linux-gnueabihf-4.7-2013.03-20130313_linux/bin/../arm-linux-gnueabihf/libc/lib] ==> dir [/home/mq/project/AM335x/gcc-linaro-arm-linux-gnueabihf-4.7-2013.03-20130313_linux/bin/../arm-linux-gnueabihf/libc/lib]
    arg [-L/home/mq/project/AM335x/gcc-linaro-arm-linux-gnueabihf-4.7-2013.03-20130313_linux/bin/../arm-linux-gnueabihf/libc/lib/arm-linux-gnueabihf] ==> dir [/home/mq/project/AM335x/gcc-linaro-arm-linux-gnueabihf-4.7-2013.03-20130313_linux/bin/../arm-linux-gnueabihf/libc/lib/arm-linux-gnueabihf]
    arg [-L/home/mq/project/AM335x/gcc-linaro-arm-linux-gnueabihf-4.7-2013.03-20130313_linux/bin/../arm-linux-gnueabihf/libc/usr/lib] ==> dir [/home/mq/project/AM335x/gcc-linaro-arm-linux-gnueabihf-4.7-2013.03-20130313_linux/bin/../arm-linux-gnueabihf/libc/usr/lib]
    arg [-L/home/mq/project/AM335x/gcc-linaro-arm-linux-gnueabihf-4.7-2013.03-20130313_linux/bin/../arm-linux-gnueabihf/libc/usr/lib/arm-linux-gnueabihf] ==> dir [/home/mq/project/AM335x/gcc-linaro-arm-linux-gnueabihf-4.7-2013.03-20130313_linux/bin/../arm-linux-gnueabihf/libc/usr/lib/arm-linux-gnueabihf]
    arg [CMakeFiles/cmTC_91d24.dir/CMakeCCompilerABI.c.o] ==> ignore
    arg [-lgcc] ==> lib [gcc]
    arg [--as-needed] ==> ignore
    arg [-lgcc_s] ==> lib [gcc_s]
    arg [--no-as-needed] ==> ignore
    arg [-lc] ==> lib [c]
    arg [-lgcc] ==> lib [gcc]
    arg [--as-needed] ==> ignore
    arg [-lgcc_s] ==> lib [gcc_s]
    arg [--no-as-needed] ==> ignore
    arg [/home/mq/project/AM335x/gcc-linaro-arm-linux-gnueabihf-4.7-2013.03-20130313_linux/bin/../lib/gcc/arm-linux-gnueabihf/4.7.3/crtend.o] ==> ignore
    arg [/home/mq/project/AM335x/gcc-linaro-arm-linux-gnueabihf-4.7-2013.03-20130313_linux/bin/../arm-linux-gnueabihf/libc/usr/lib/arm-linux-gnueabihf/crtn.o] ==> ignore
  remove lib [gcc]
  remove lib [gcc_s]
  remove lib [gcc]
  remove lib [gcc_s]
  collapse library dir [/home/mq/project/AM335x/gcc-linaro-arm-linux-gnueabihf-4.7-2013.03-20130313_linux/bin/../lib/gcc/arm-linux-gnueabihf/4.7.3] ==> [/home/mq/project/AM335x/gcc-linaro-arm-linux-gnueabihf-4.7-2013.03-20130313_linux/lib/gcc/arm-linux-gnueabihf/4.7.3]
  collapse library dir [/home/mq/project/AM335x/gcc-linaro-arm-linux-gnueabihf-4.7-2013.03-20130313_linux/bin/../lib/gcc] ==> [/home/mq/project/AM335x/gcc-linaro-arm-linux-gnueabihf-4.7-2013.03-20130313_linux/lib/gcc]
  collapse library dir [/home/mq/project/AM335x/gcc-linaro-arm-linux-gnueabihf-4.7-2013.03-20130313_linux/bin/../lib/gcc/arm-linux-gnueabihf] ==> [/home/mq/project/AM335x/gcc-linaro-arm-linux-gnueabihf-4.7-2013.03-20130313_linux/lib/gcc/arm-linux-gnueabihf]
  collapse library dir [/home/mq/project/AM335x/gcc-linaro-arm-linux-gnueabihf-4.7-2013.03-20130313_linux/bin/../lib/gcc/arm-linux-gnueabihf/4.7.3/../../../../arm-linux-gnueabihf/lib] ==> [/home/mq/project/AM335x/gcc-linaro-arm-linux-gnueabihf-4.7-2013.03-20130313_linux/arm-linux-gnueabihf/lib]
  collapse library dir [/home/mq/project/AM335x/gcc-linaro-arm-linux-gnueabihf-4.7-2013.03-20130313_linux/bin/../arm-linux-gnueabihf/libc/lib] ==> [/home/mq/project/AM335x/gcc-linaro-arm-linux-gnueabihf-4.7-2013.03-20130313_linux/arm-linux-gnueabihf/libc/lib]
  collapse library dir [/home/mq/project/AM335x/gcc-linaro-arm-linux-gnueabihf-4.7-2013.03-20130313_linux/bin/../arm-linux-gnueabihf/libc/lib/arm-linux-gnueabihf] ==> [/home/mq/project/AM335x/gcc-linaro-arm-linux-gnueabihf-4.7-2013.03-20130313_linux/arm-linux-gnueabihf/libc/lib/arm-linux-gnueabihf]
  collapse library dir [/home/mq/project/AM335x/gcc-linaro-arm-linux-gnueabihf-4.7-2013.03-20130313_linux/bin/../arm-linux-gnueabihf/libc/usr/lib] ==> [/home/mq/project/AM335x/gcc-linaro-arm-linux-gnueabihf-4.7-2013.03-20130313_linux/arm-linux-gnueabihf/libc/usr/lib]
  collapse library dir [/home/mq/project/AM335x/gcc-linaro-arm-linux-gnueabihf-4.7-2013.03-20130313_linux/bin/../arm-linux-gnueabihf/libc/usr/lib/arm-linux-gnueabihf] ==> [/home/mq/project/AM335x/gcc-linaro-arm-linux-gnueabihf-4.7-2013.03-20130313_linux/arm-linux-gnueabihf/libc/usr/lib/arm-linux-gnueabihf]
  implicit libs: [c]
  implicit dirs: [/home/mq/project/AM335x/gcc-linaro-arm-linux-gnueabihf-4.7-2013.03-20130313_linux/lib/gcc/arm-linux-gnueabihf/4.7.3;/home/mq/project/AM335x/gcc-linaro-arm-linux-gnueabihf-4.7-2013.03-20130313_linux/lib/gcc;/home/mq/project/AM335x/gcc-linaro-arm-linux-gnueabihf-4.7-2013.03-20130313_linux/lib/gcc/arm-linux-gnueabihf;/home/mq/project/AM335x/gcc-linaro-arm-linux-gnueabihf-4.7-2013.03-20130313_linux/arm-linux-gnueabihf/lib;/home/mq/project/AM335x/gcc-linaro-arm-linux-gnueabihf-4.7-2013.03-20130313_linux/arm-linux-gnueabihf/libc/lib;/home/mq/project/AM335x/gcc-linaro-arm-linux-gnueabihf-4.7-2013.03-20130313_linux/arm-linux-gnueabihf/libc/lib/arm-linux-gnueabihf;/home/mq/project/AM335x/gcc-linaro-arm-linux-gnueabihf-4.7-2013.03-20130313_linux/arm-linux-gnueabihf/libc/usr/lib;/home/mq/project/AM335x/gcc-linaro-arm-linux-gnueabihf-4.7-2013.03-20130313_linux/arm-linux-gnueabihf/libc/usr/lib/arm-linux-gnueabihf]
  implicit fwks: []




Detecting C [-std=c11] compiler features compiled with the following output:
Change Dir: /home/mq/learn/baidu_iot/iot-edge-sdk-for-iot-parser-master/modbus/cross-compile/deps_linux_arm/cmake/CMakeFiles/CMakeTmp

Run Build Command:"/usr/bin/make" "cmTC_32a06/fast"
/usr/bin/make -f CMakeFiles/cmTC_32a06.dir/build.make CMakeFiles/cmTC_32a06.dir/build
make[1]: Entering directory '/home/mq/learn/baidu_iot/iot-edge-sdk-for-iot-parser-master/modbus/cross-compile/deps_linux_arm/cmake/CMakeFiles/CMakeTmp'
Building C object CMakeFiles/cmTC_32a06.dir/feature_tests.c.o
/home/mq/project/AM335x/gcc-linaro-arm-linux-gnueabihf-4.7-2013.03-20130313_linux/bin/arm-linux-gnueabihf-gcc    -std=c11 -o CMakeFiles/cmTC_32a06.dir/feature_tests.c.o   -c /home/mq/learn/baidu_iot/iot-edge-sdk-for-iot-parser-master/modbus/cross-compile/deps_linux_arm/cmake/CMakeFiles/feature_tests.c
Linking C executable cmTC_32a06
/usr/bin/cmake -E cmake_link_script CMakeFiles/cmTC_32a06.dir/link.txt --verbose=1
/home/mq/project/AM335x/gcc-linaro-arm-linux-gnueabihf-4.7-2013.03-20130313_linux/bin/arm-linux-gnueabihf-gcc       CMakeFiles/cmTC_32a06.dir/feature_tests.c.o  -o cmTC_32a06 -rdynamic 
make[1]: Leaving directory '/home/mq/learn/baidu_iot/iot-edge-sdk-for-iot-parser-master/modbus/cross-compile/deps_linux_arm/cmake/CMakeFiles/CMakeTmp'


    Feature record: C_FEATURE:1c_function_prototypes
    Feature record: C_FEATURE:1c_restrict
    Feature record: C_FEATURE:1c_static_assert
    Feature record: C_FEATURE:1c_variadic_macros


Detecting C [-std=c99] compiler features compiled with the following output:
Change Dir: /home/mq/learn/baidu_iot/iot-edge-sdk-for-iot-parser-master/modbus/cross-compile/deps_linux_arm/cmake/CMakeFiles/CMakeTmp

Run Build Command:"/usr/bin/make" "cmTC_7efa6/fast"
/usr/bin/make -f CMakeFiles/cmTC_7efa6.dir/build.make CMakeFiles/cmTC_7efa6.dir/build
make[1]: Entering directory '/home/mq/learn/baidu_iot/iot-edge-sdk-for-iot-parser-master/modbus/cross-compile/deps_linux_arm/cmake/CMakeFiles/CMakeTmp'
Building C object CMakeFiles/cmTC_7efa6.dir/feature_tests.c.o
/home/mq/project/AM335x/gcc-linaro-arm-linux-gnueabihf-4.7-2013.03-20130313_linux/bin/arm-linux-gnueabihf-gcc    -std=c99 -o CMakeFiles/cmTC_7efa6.dir/feature_tests.c.o   -c /home/mq/learn/baidu_iot/iot-edge-sdk-for-iot-parser-master/modbus/cross-compile/deps_linux_arm/cmake/CMakeFiles/feature_tests.c
Linking C executable cmTC_7efa6
/usr/bin/cmake -E cmake_link_script CMakeFiles/cmTC_7efa6.dir/link.txt --verbose=1
/home/mq/project/AM335x/gcc-linaro-arm-linux-gnueabihf-4.7-2013.03-20130313_linux/bin/arm-linux-gnueabihf-gcc       CMakeFiles/cmTC_7efa6.dir/feature_tests.c.o  -o cmTC_7efa6 -rdynamic 
make[1]: Leaving directory '/home/mq/learn/baidu_iot/iot-edge-sdk-for-iot-parser-master/modbus/cross-compile/deps_linux_arm/cmake/CMakeFiles/CMakeTmp'


    Feature record: C_FEATURE:1c_function_prototypes
    Feature record: C_FEATURE:1c_restrict
    Feature record: C_FEATURE:0c_static_assert
    Feature record: C_FEATURE:1c_variadic_macros


Detecting C [-std=c90] compiler features compiled with the following output:
Change Dir: /home/mq/learn/baidu_iot/iot-edge-sdk-for-iot-parser-master/modbus/cross-compile/deps_linux_arm/cmake/CMakeFiles/CMakeTmp

Run Build Command:"/usr/bin/make" "cmTC_2e770/fast"
/usr/bin/make -f CMakeFiles/cmTC_2e770.dir/build.make CMakeFiles/cmTC_2e770.dir/build
make[1]: Entering directory '/home/mq/learn/baidu_iot/iot-edge-sdk-for-iot-parser-master/modbus/cross-compile/deps_linux_arm/cmake/CMakeFiles/CMakeTmp'
Building C object CMakeFiles/cmTC_2e770.dir/feature_tests.c.o
/home/mq/project/AM335x/gcc-linaro-arm-linux-gnueabihf-4.7-2013.03-20130313_linux/bin/arm-linux-gnueabihf-gcc    -std=c90 -o CMakeFiles/cmTC_2e770.dir/feature_tests.c.o   -c /home/mq/learn/baidu_iot/iot-edge-sdk-for-iot-parser-master/modbus/cross-compile/deps_linux_arm/cmake/CMakeFiles/feature_tests.c
Linking C executable cmTC_2e770
/usr/bin/cmake -E cmake_link_script CMakeFiles/cmTC_2e770.dir/link.txt --verbose=1
/home/mq/project/AM335x/gcc-linaro-arm-linux-gnueabihf-4.7-2013.03-20130313_linux/bin/arm-linux-gnueabihf-gcc       CMakeFiles/cmTC_2e770.dir/feature_tests.c.o  -o cmTC_2e770 -rdynamic 
make[1]: Leaving directory '/home/mq/learn/baidu_iot/iot-edge-sdk-for-iot-parser-master/modbus/cross-compile/deps_linux_arm/cmake/CMakeFiles/CMakeTmp'


    Feature record: C_FEATURE:1c_function_prototypes
    Feature record: C_FEATURE:0c_restrict
    Feature record: C_FEATURE:0c_static_assert
    Feature record: C_FEATURE:0c_variadic_macros
